<?xml version="1.0" encoding="UTF-8"?>
<testng-results skipped="0" failed="0" ignored="0" total="1" passed="1">
  <reporter-output>
  </reporter-output>
  <suite name="Suite" duration-ms="14990" started-at="2017-06-17T03:41:52Z" finished-at="2017-06-17T03:42:07Z">
    <groups>
    </groups>
    <test name="Test" duration-ms="14990" started-at="2017-06-17T03:41:52Z" finished-at="2017-06-17T03:42:07Z">
      <class name="org.deathstar.test.smoke.TestLoginUS015">
        <test-method status="PASS" signature="setUp()[pri:0, instance:org.deathstar.test.smoke.TestLoginUS015@1e88b3c]" name="setUp" is-config="true" duration-ms="10592" started-at="2017-06-17T09:11:52Z" finished-at="2017-06-17T09:12:02Z">
          <reporter-output>
          </reporter-output>
        </test-method> <!-- setUp -->
        <test-method status="PASS" signature="testLoginValidTC051()[pri:0, instance:org.deathstar.test.smoke.TestLoginUS015@1e88b3c]" name="testLoginValidTC051" duration-ms="4265" started-at="2017-06-17T09:12:02Z" finished-at="2017-06-17T09:12:07Z">
          <reporter-output>
          </reporter-output>
        </test-method> <!-- testLoginValidTC051 -->
        <test-method status="PASS" signature="tearDown()[pri:0, instance:org.deathstar.test.smoke.TestLoginUS015@1e88b3c]" name="tearDown" is-config="true" duration-ms="115" started-at="2017-06-17T09:12:07Z" finished-at="2017-06-17T09:12:07Z">
          <reporter-output>
          </reporter-output>
        </test-method> <!-- tearDown -->
      </class> <!-- org.deathstar.test.smoke.TestLoginUS015 -->
    </test> <!-- Test -->
  </suite> <!-- Suite -->
</testng-results>
